<?xml version="1.0" encoding="UTF-8"?>
<!-- Generated by org.testng.reporters.JUnitReportReporter -->
<testsuite hostname="Dell-PC" failures="0" tests="1" name="com.test.demoproject.SeleniumProject.AppTest" time="0.023" errors="0" timestamp="2021-03-24T16:05:29 IST" skipped="0">
  <testcase classname="com.test.demoproject.SeleniumProject.AppTest" name="shouldAnswerWithTrue" time="0.023"/>
  <system-out/>
</testsuite> <!-- com.test.demoproject.SeleniumProject.AppTest -->
